<!DOCTYPE html PUBLIC "-//W3C//DTD XHTML 1.1//EN" "https://www.w3.org/TR/xhtml11/DTD/xhtml11.dtd">
<html xmlns="https://www.w3.org/1999/xhtml">
<head>
<meta http-equiv="content-type" content="text/html; charset=UTF-8"/>
<title>TestNG Report</title>
<style type="text/css">table {margin-bottom:10px;border-collapse:collapse;empty-cells:show}th,td {border:1px solid #009;padding:.25em .5em}th {vertical-align:bottom}td {vertical-align:top}table a {font-weight:bold}.stripe td {background-color: #E6EBF9}.num {text-align:right}.passedodd td {background-color: #3F3}.passedeven td {background-color: #0A0}.skippedodd td {background-color: #DDD}.skippedeven td {background-color: #CCC}.failedodd td,.attn {background-color: #F33}.failedeven td,.stripe .attn {background-color: #D00}.stacktrace {white-space:pre;font-family:monospace}.totop {font-size:85%;text-align:center;border-bottom:2px solid #000}.invisible {display:none}</style>
</head>
<body>
<table>
<tr><th>Test</th><th># Passed</th><th># Skipped</th><th># Retried</th><th># Failed</th><th>Time (ms)</th><th>Included Groups</th><th>Excluded Groups</th></tr>
<tr><th colspan="8">CRA.TestNG.TestCRARegistrationPage</th></tr>
<tr><td><a href="#t0">Default XmlTest name c8dda1cf-4fe6-4315-979d-779566004343</a></td><td class="num">13</td><td class="num">0</td><td class="num">0</td><td class="num attn">2</td><td class="num">80,125</td><td></td><td></td></tr>
</table>
<table id='summary'><thead><tr><th>Class</th><th>Method</th><th>Start</th><th>Time (ms)</th></tr></thead><tbody><tr><th colspan="4">CRA.TestNG.TestCRARegistrationPage</th></tr></tbody><tbody id="t0"><tr><th colspan="4">Default XmlTest name c8dda1cf-4fe6-4315-979d-779566004343 &#8212; failed</th></tr><tr class="failedeven"><td rowspan="2">CRA.TestNG.TestCRARegistrationPage</td><td><a href="#m0">invalidPasswordTest</a></td><td rowspan="2">1666189753199</td><td rowspan="2">3452</td></tr><tr class="failedeven"><td><a href="#m1">invalidPasswordTest</a></td></tr><tr><th colspan="4">Default XmlTest name c8dda1cf-4fe6-4315-979d-779566004343 &#8212; passed</th></tr><tr class="passedeven"><td rowspan="13">CRA.TestNG.TestCRARegistrationPage</td><td><a href="#m2">invalidPasswordTest</a></td><td rowspan="4">1666189763986</td><td rowspan="4">3468</td></tr><tr class="passedeven"><td><a href="#m3">invalidPasswordTest</a></td></tr><tr class="passedeven"><td><a href="#m4">invalidPasswordTest</a></td></tr><tr class="passedeven"><td><a href="#m5">invalidPasswordTest</a></td></tr><tr class="passedeven"><td><a href="#m6">invalidUsernameTest</a></td><td rowspan="6">1666189784902</td><td rowspan="6">3471</td></tr><tr class="passedeven"><td><a href="#m7">invalidUsernameTest</a></td></tr><tr class="passedeven"><td><a href="#m8">invalidUsernameTest</a></td></tr><tr class="passedeven"><td><a href="#m9">invalidUsernameTest</a></td></tr><tr class="passedeven"><td><a href="#m10">invalidUsernameTest</a></td></tr><tr class="passedeven"><td><a href="#m11">invalidUsernameTest</a></td></tr><tr class="passedeven"><td><a href="#m12">limitedVersionURL</a></td><td rowspan="1">1666189800387</td><td rowspan="1">3424</td></tr><tr class="passedeven"><td><a href="#m13">sameUsernameAndPassword</a></td><td rowspan="1">1666189805446</td><td rowspan="1">3444</td></tr><tr class="passedeven"><td><a href="#m14">validUserValidPassword</a></td><td rowspan="1">1666189810591</td><td rowspan="1">3487</td></tr></tbody>
</table>
<h2>Default XmlTest name c8dda1cf-4fe6-4315-979d-779566004343</h2><h3 id="m0">CRA.TestNG.TestCRARegistrationPage#invalidPasswordTest</h3><table class="result"><tr class="param"><th>Parameter #1</th><th>Parameter #2</th></tr><tr class="param stripe"><td>User181197</td><td>Password</td></tr><tr><th colspan="2">Exception</th></tr><tr><td colspan="2"><div class="stacktrace">org.openqa.selenium.NoSuchWindowException: no such window: target window already closed
from unknown error: web view not found
  (Session info: chrome=106.0.5249.119)
Build info: version: &apos;4.5.0&apos;, revision: &apos;fe167b119a&apos;
System info: os.name: &apos;Windows 11&apos;, os.arch: &apos;amd64&apos;, os.version: &apos;10.0&apos;, java.version: &apos;18.0.2&apos;
Driver info: org.openqa.selenium.chrome.ChromeDriver
Command: [a68d779bb2e1ebf0ae1b9d6ac814204f, findElement {using=xpath, value=//*[. = &apos;Registration failed!&apos;]}]
Capabilities {acceptInsecureCerts: false, browserName: chrome, browserVersion: 106.0.5249.119, chrome: {chromedriverVersion: 106.0.5249.61 (511755355844..., userDataDir: C:\Users\RO_RPA~1\AppData\L...}, goog:chromeOptions: {debuggerAddress: localhost:50901}, networkConnectionEnabled: false, pageLoadStrategy: normal, platformName: WINDOWS, proxy: Proxy(), se:cdp: ws://localhost:50901/devtoo..., se:cdpVersion: 106.0.5249.119, setWindowRect: true, strictFileInteractability: false, timeouts: {implicit: 0, pageLoad: 300000, script: 30000}, unhandledPromptBehavior: dismiss and notify, webauthn:extension:credBlob: true, webauthn:extension:largeBlob: true, webauthn:virtualAuthenticators: true}
Session ID: a68d779bb2e1ebf0ae1b9d6ac814204f
	at org.openqa.selenium.remote.codec.w3c.W3CHttpResponseCodec.createException(W3CHttpResponseCodec.java:200)
	at org.openqa.selenium.remote.codec.w3c.W3CHttpResponseCodec.decode(W3CHttpResponseCodec.java:133)
	at org.openqa.selenium.remote.codec.w3c.W3CHttpResponseCodec.decode(W3CHttpResponseCodec.java:53)
	at org.openqa.selenium.remote.HttpCommandExecutor.execute(HttpCommandExecutor.java:184)
	at org.openqa.selenium.remote.service.DriverCommandExecutor.invokeExecute(DriverCommandExecutor.java:167)
	at org.openqa.selenium.remote.service.DriverCommandExecutor.execute(DriverCommandExecutor.java:142)
	at org.openqa.selenium.remote.RemoteWebDriver.execute(RemoteWebDriver.java:547)
	at org.openqa.selenium.remote.ElementLocation$ElementFinder$2.findElement(ElementLocation.java:162)
	at org.openqa.selenium.remote.ElementLocation.findElement(ElementLocation.java:60)
	at org.openqa.selenium.remote.RemoteWebDriver.findElement(RemoteWebDriver.java:365)
	at org.openqa.selenium.remote.RemoteWebDriver.findElement(RemoteWebDriver.java:357)
	at org.openqa.selenium.support.pagefactory.DefaultElementLocator.findElement(DefaultElementLocator.java:70)
	at org.openqa.selenium.support.pagefactory.internal.LocatingElementHandler.invoke(LocatingElementHandler.java:39)
	at jdk.proxy2/jdk.proxy2.$Proxy13.isDisplayed(Unknown Source)
	at CRA.cucumber.pom.CRARegistrationPage.registrationFailedDisplayed(CRARegistrationPage.java:48)
	at CRA.TestNG.TestCRARegistrationPage.invalidPasswordTest(TestCRARegistrationPage.java:100)
	at java.base/java.util.ArrayList.forEach(ArrayList.java:1511)
... Removed 32 stack frames</div></td></tr></table><p class="totop"><a href="#summary">back to summary</a></p>
<h3 id="m1">CRA.TestNG.TestCRARegistrationPage#invalidPasswordTest</h3><table class="result"><tr class="param"><th>Parameter #1</th><th>Parameter #2</th></tr><tr class="param stripe"><td>User181197</td><td>password1</td></tr><tr><th colspan="2">Exception</th></tr><tr><td colspan="2"><div class="stacktrace">org.openqa.selenium.NoSuchWindowException: no such window: target window already closed
from unknown error: web view not found
  (Session info: chrome=106.0.5249.119)
Build info: version: &apos;4.5.0&apos;, revision: &apos;fe167b119a&apos;
System info: os.name: &apos;Windows 11&apos;, os.arch: &apos;amd64&apos;, os.version: &apos;10.0&apos;, java.version: &apos;18.0.2&apos;
Driver info: org.openqa.selenium.chrome.ChromeDriver
Command: [20a9323c964968490637c91bae37e45c, findElement {using=xpath, value=//*[. = &apos;Registration failed!&apos;]}]
Capabilities {acceptInsecureCerts: false, browserName: chrome, browserVersion: 106.0.5249.119, chrome: {chromedriverVersion: 106.0.5249.61 (511755355844..., userDataDir: C:\Users\RO_RPA~1\AppData\L...}, goog:chromeOptions: {debuggerAddress: localhost:50859}, networkConnectionEnabled: false, pageLoadStrategy: normal, platformName: WINDOWS, proxy: Proxy(), se:cdp: ws://localhost:50859/devtoo..., se:cdpVersion: 106.0.5249.119, setWindowRect: true, strictFileInteractability: false, timeouts: {implicit: 0, pageLoad: 300000, script: 30000}, unhandledPromptBehavior: dismiss and notify, webauthn:extension:credBlob: true, webauthn:extension:largeBlob: true, webauthn:virtualAuthenticators: true}
Session ID: 20a9323c964968490637c91bae37e45c
	at org.openqa.selenium.remote.codec.w3c.W3CHttpResponseCodec.createException(W3CHttpResponseCodec.java:200)
	at org.openqa.selenium.remote.codec.w3c.W3CHttpResponseCodec.decode(W3CHttpResponseCodec.java:133)
	at org.openqa.selenium.remote.codec.w3c.W3CHttpResponseCodec.decode(W3CHttpResponseCodec.java:53)
	at org.openqa.selenium.remote.HttpCommandExecutor.execute(HttpCommandExecutor.java:184)
	at org.openqa.selenium.remote.service.DriverCommandExecutor.invokeExecute(DriverCommandExecutor.java:167)
	at org.openqa.selenium.remote.service.DriverCommandExecutor.execute(DriverCommandExecutor.java:142)
	at org.openqa.selenium.remote.RemoteWebDriver.execute(RemoteWebDriver.java:547)
	at org.openqa.selenium.remote.ElementLocation$ElementFinder$2.findElement(ElementLocation.java:162)
	at org.openqa.selenium.remote.ElementLocation.findElement(ElementLocation.java:60)
	at org.openqa.selenium.remote.RemoteWebDriver.findElement(RemoteWebDriver.java:365)
	at org.openqa.selenium.remote.RemoteWebDriver.findElement(RemoteWebDriver.java:357)
	at org.openqa.selenium.support.pagefactory.DefaultElementLocator.findElement(DefaultElementLocator.java:70)
	at org.openqa.selenium.support.pagefactory.internal.LocatingElementHandler.invoke(LocatingElementHandler.java:39)
	at jdk.proxy2/jdk.proxy2.$Proxy13.isDisplayed(Unknown Source)
	at CRA.cucumber.pom.CRARegistrationPage.registrationFailedDisplayed(CRARegistrationPage.java:48)
	at CRA.TestNG.TestCRARegistrationPage.invalidPasswordTest(TestCRARegistrationPage.java:100)
	at java.base/java.util.ArrayList.forEach(ArrayList.java:1511)
... Removed 32 stack frames</div></td></tr></table><p class="totop"><a href="#summary">back to summary</a></p>
<h3 id="m2">CRA.TestNG.TestCRARegistrationPage#invalidPasswordTest</h3><table class="result"><tr class="param"><th>Parameter #1</th><th>Parameter #2</th></tr><tr class="param stripe"><td>User181197</td><td>Pașșword1</td></tr></table><p class="totop"><a href="#summary">back to summary</a></p>
<h3 id="m3">CRA.TestNG.TestCRARegistrationPage#invalidPasswordTest</h3><table class="result"><tr class="param"><th>Parameter #1</th><th>Parameter #2</th></tr><tr class="param stripe"><td>User181197</td><td>PASSWORD1</td></tr></table><p class="totop"><a href="#summary">back to summary</a></p>
<h3 id="m4">CRA.TestNG.TestCRARegistrationPage#invalidPasswordTest</h3><table class="result"><tr class="param"><th>Parameter #1</th><th>Parameter #2</th></tr><tr class="param stripe"><td>User181197</td><td></td></tr></table><p class="totop"><a href="#summary">back to summary</a></p>
<h3 id="m5">CRA.TestNG.TestCRARegistrationPage#invalidPasswordTest</h3><table class="result"><tr class="param"><th>Parameter #1</th><th>Parameter #2</th></tr><tr class="param stripe"><td>User181197</td><td>Pass1</td></tr></table><p class="totop"><a href="#summary">back to summary</a></p>
<h3 id="m6">CRA.TestNG.TestCRARegistrationPage#invalidUsernameTest</h3><table class="result"><tr class="param"><th>Parameter #1</th><th>Parameter #2</th></tr><tr class="param stripe"><td>USERSVSDBD</td><td>Password1</td></tr></table><p class="totop"><a href="#summary">back to summary</a></p>
<h3 id="m7">CRA.TestNG.TestCRARegistrationPage#invalidUsernameTest</h3><table class="result"><tr class="param"><th>Parameter #1</th><th>Parameter #2</th></tr><tr class="param stripe"><td>USER970</td><td>Password1</td></tr></table><p class="totop"><a href="#summary">back to summary</a></p>
<h3 id="m8">CRA.TestNG.TestCRARegistrationPage#invalidUsernameTest</h3><table class="result"><tr class="param"><th>Parameter #1</th><th>Parameter #2</th></tr><tr class="param stripe"><td>Ușer9700</td><td>Password1</td></tr></table><p class="totop"><a href="#summary">back to summary</a></p>
<h3 id="m9">CRA.TestNG.TestCRARegistrationPage#invalidUsernameTest</h3><table class="result"><tr class="param"><th>Parameter #1</th><th>Parameter #2</th></tr><tr class="param stripe"><td>Us0</td><td>Password1</td></tr></table><p class="totop"><a href="#summary">back to summary</a></p>
<h3 id="m10">CRA.TestNG.TestCRARegistrationPage#invalidUsernameTest</h3><table class="result"><tr class="param"><th>Parameter #1</th><th>Parameter #2</th></tr><tr class="param stripe"><td>user970</td><td>Password1</td></tr></table><p class="totop"><a href="#summary">back to summary</a></p>
<h3 id="m11">CRA.TestNG.TestCRARegistrationPage#invalidUsernameTest</h3><table class="result"><tr class="param"><th>Parameter #1</th><th>Parameter #2</th></tr><tr class="param stripe"><td></td><td>Password1</td></tr></table><p class="totop"><a href="#summary">back to summary</a></p>
<h3 id="m12">CRA.TestNG.TestCRARegistrationPage#limitedVersionURL</h3><table class="result"><tr><th class="invisible"/></tr></table><p class="totop"><a href="#summary">back to summary</a></p>
<h3 id="m13">CRA.TestNG.TestCRARegistrationPage#sameUsernameAndPassword</h3><table class="result"><tr><th class="invisible"/></tr></table><p class="totop"><a href="#summary">back to summary</a></p>
<h3 id="m14">CRA.TestNG.TestCRARegistrationPage#validUserValidPassword</h3><table class="result"><tr><th class="invisible"/></tr></table><p class="totop"><a href="#summary">back to summary</a></p>
</body>
</html>
